<?xml version='1.0' encoding='utf-8'?>
<testsuite name="typed-sdd-p4-templates" tests="10" failures="0" errors="0" skipped="0" time="297.982"><testcase classname="FS.GG.Templates.TypedSddP4" name="static lifecycle contract and mutation controls" time="0.108"><system-out>PASS lifecycle contract: 5 providers; lanes=none,sdd,typed-sdd; omitted=sdd
PASS lifecycle contract self-test: every mutation class fired
</system-out></testcase><testcase classname="FS.GG.Templates.TypedSddP4" name="omitted lifecycle tree equivalence mutation control" time="0.066"><system-out>PASS lifecycle tree equivalence can fire on content drift
</system-out></testcase><testcase classname="FS.GG.Templates.TypedSddP4" name="provider floors and mutation controls" time="0.219"><system-out>registry pin: 1.4.0-preview.1 (read from /home/developer/projects/.github-typed-sdd-p4-floor/registry/dependencies.yml, FS-GG/.github registry/dependencies.yml -&gt; fs-gg-ui-template.minimum-fsgg-sdd)
descriptors:  5 matched providers/*.providers.yml
ok    providers/console.providers.yml:6  console: floor 1.4.0-preview.1 == registry pin 1.4.0-preview.1
ok    providers/fable-bindings.providers.yml:22  fable-bindings: floor 1.4.0-preview.1 == registry pin 1.4.0-preview.1
ok    providers/fable-game.providers.yml:28  fable-game: floor 1.4.0-preview.1 == registry pin 1.4.0-preview.1
ok    providers/rendering.providers.yml:233  rendering: floor 1.4.0-preview.1 == registry pin 1.4.0-preview.1
ok    providers/web.providers.yml:3  web: floor 1.4.0-preview.1 == registry pin 1.4.0-preview.1
check-provider-floors: every declared floor mirrors FS-GG/.github registry/dependencies.yml -&gt; fs-gg-ui-template.minimum-fsgg-sdd = 1.4.0-preview.1

PASS  self-test/pristine-set-is-green
PASS  self-test/deleted-block-reds
PASS  self-test/floor-below-registry-reds
PASS  self-test/floor-ahead-of-registry-reds
PASS  self-test/unparseable-floor-reds
PASS  self-test/second-provider-in-one-file-is-graded-separately
PASS  self-test/glob-covers-a-new-descriptor
PASS  self-test/provider-less-descriptor-fails-closed
PASS  self-test/non-utf8-descriptor-fails-closed
PASS  self-test/unreadable-local-registry-fails-closed
PASS  self-test/fixture-is-independent-of-the-live-pin (fixture 4.5.6; real tree declares ['1.4.0-preview.1'] and no outcome above depends on it)
PASS  self-test/builder-refuses-a-provider-less-descriptor (baseline unavailable, reported as such, not as BROKEN)
PASS  self-test/builder-refuses-a-non-utf8-descriptor (baseline unavailable, reported as such, not as BROKEN)
PASS  self-test/end-to-end-an-unbuildable-descriptor-blames-the-descriptor (child exited 1, blaming the DESCRIPTOR it named)
PASS  self-test/end-to-end-a-green-grade-with-an-unbuildable-fixture-blames-the-checker (child exited 1, blaming the CHECKER, on a tree its own grading just passed)
check-provider-floors: self-test green — 15/15 outcomes reproduced, red arms included
</system-out></testcase><testcase classname="FS.GG.Templates.TypedSddP4" name="release candidate archive and dual-feed mechanism preflight" time="0.053"><system-out>PASS release preflight: 0.9.0 candidate and checksum-bound byte-identical dual-feed mechanism
</system-out></testcase><testcase classname="FS.GG.Templates.TypedSddP4" name="console installed-package lifecycle matrix" time="44.707"><system-out>PASS lifecycle completion: console/none is explicitly not applicable and owns no lifecycle state
PASS lifecycle completion: console/sdd reached shipReady
PASS lifecycle completion: console/typed-sdd reached shipReady
PASS lifecycle completion: console/omitted reached shipReady
PASS lifecycle matrix: console none/sdd/typed-sdd/omitted clean-create, complete, restore, build, and test from installed package
PASS typed lifecycle controls: wrong lifecycle, stale projection, unsupported extension, direct edit, missing compiler, agent unavailable

Welcome to .NET 10.0!
---------------------
SDK Version: 10.0.400

Telemetry
---------
The .NET tools collect usage data in order to help us improve your experience. It is collected by Microsoft and shared with the community. You can opt-out of telemetry by setting the DOTNET_CLI_TELEMETRY_OPTOUT environment variable to '1' or 'true' using your favorite shell.

Read more about .NET CLI Tools telemetry: https://aka.ms/dotnet-cli-telemetry

----------------
Installed an ASP.NET Core HTTPS development certificate.
To trust the certificate, run 'dotnet dev-certs https --trust'
Learn about HTTPS: https://aka.ms/dotnet-https

----------------
Write your first app: https://aka.ms/dotnet-hello-world
Find out what's new: https://aka.ms/dotnet-whats-new
Explore documentation: https://aka.ms/dotnet-docs
Report issues and find source on GitHub: https://github.com/dotnet/core
Use 'dotnet --help' to see available commands or visit: https://aka.ms/dotnet-cli
--------------------------------------------------------------------------------------
An issue was encountered verifying workloads. For more information, run "dotnet workload update".
</system-out></testcase><testcase classname="FS.GG.Templates.TypedSddP4" name="web installed-package lifecycle matrix" time="41.682"><system-out>PASS lifecycle completion: web/none is explicitly not applicable and owns no lifecycle state
PASS lifecycle completion: web/sdd reached shipReady
PASS lifecycle completion: web/typed-sdd reached shipReady
PASS lifecycle completion: web/omitted reached shipReady
PASS lifecycle matrix: web none/sdd/typed-sdd/omitted clean-create, complete, restore, build, and test from installed package

Welcome to .NET 10.0!
---------------------
SDK Version: 10.0.400

Telemetry
---------
The .NET tools collect usage data in order to help us improve your experience. It is collected by Microsoft and shared with the community. You can opt-out of telemetry by setting the DOTNET_CLI_TELEMETRY_OPTOUT environment variable to '1' or 'true' using your favorite shell.

Read more about .NET CLI Tools telemetry: https://aka.ms/dotnet-cli-telemetry

----------------
Installed an ASP.NET Core HTTPS development certificate.
To trust the certificate, run 'dotnet dev-certs https --trust'
Learn about HTTPS: https://aka.ms/dotnet-https

----------------
Write your first app: https://aka.ms/dotnet-hello-world
Find out what's new: https://aka.ms/dotnet-whats-new
Explore documentation: https://aka.ms/dotnet-docs
Report issues and find source on GitHub: https://github.com/dotnet/core
Use 'dotnet --help' to see available commands or visit: https://aka.ms/dotnet-cli
--------------------------------------------------------------------------------------
An issue was encountered verifying workloads. For more information, run "dotnet workload update".
</system-out></testcase><testcase classname="FS.GG.Templates.TypedSddP4" name="fable-game installed-package lifecycle matrix" time="52.493"><system-out>PASS lifecycle completion: fable-game/none is explicitly not applicable and owns no lifecycle state
PASS lifecycle completion: fable-game/sdd reached shipReady
PASS lifecycle completion: fable-game/typed-sdd reached shipReady
PASS lifecycle completion: fable-game/omitted reached shipReady
PASS lifecycle matrix: fable-game none/sdd/typed-sdd/omitted clean-create, complete, restore, build, and test from installed package

Welcome to .NET 10.0!
---------------------
SDK Version: 10.0.400

Telemetry
---------
The .NET tools collect usage data in order to help us improve your experience. It is collected by Microsoft and shared with the community. You can opt-out of telemetry by setting the DOTNET_CLI_TELEMETRY_OPTOUT environment variable to '1' or 'true' using your favorite shell.

Read more about .NET CLI Tools telemetry: https://aka.ms/dotnet-cli-telemetry

----------------
Installed an ASP.NET Core HTTPS development certificate.
To trust the certificate, run 'dotnet dev-certs https --trust'
Learn about HTTPS: https://aka.ms/dotnet-https

----------------
Write your first app: https://aka.ms/dotnet-hello-world
Find out what's new: https://aka.ms/dotnet-whats-new
Explore documentation: https://aka.ms/dotnet-docs
Report issues and find source on GitHub: https://github.com/dotnet/core
Use 'dotnet --help' to see available commands or visit: https://aka.ms/dotnet-cli
--------------------------------------------------------------------------------------
An issue was encountered verifying workloads. For more information, run "dotnet workload update".
</system-out></testcase><testcase classname="FS.GG.Templates.TypedSddP4" name="fable-bindings installed-package lifecycle matrix" time="38.649"><system-out>PASS lifecycle completion: fable-bindings/none is explicitly not applicable and owns no lifecycle state
PASS lifecycle completion: fable-bindings/sdd reached shipReady
PASS lifecycle completion: fable-bindings/typed-sdd reached shipReady
PASS lifecycle completion: fable-bindings/omitted reached shipReady
PASS lifecycle matrix: fable-bindings none/sdd/typed-sdd/omitted clean-create, complete, restore, build, and test from installed package

Welcome to .NET 10.0!
---------------------
SDK Version: 10.0.302

Telemetry
---------
The .NET tools collect usage data in order to help us improve your experience. It is collected by Microsoft and shared with the community. You can opt-out of telemetry by setting the DOTNET_CLI_TELEMETRY_OPTOUT environment variable to '1' or 'true' using your favorite shell.

Read more about .NET CLI Tools telemetry: https://aka.ms/dotnet-cli-telemetry

----------------
Installed an ASP.NET Core HTTPS development certificate.
To trust the certificate, run 'dotnet dev-certs https --trust'
Learn about HTTPS: https://aka.ms/dotnet-https

----------------
Write your first app: https://aka.ms/dotnet-hello-world
Find out what's new: https://aka.ms/dotnet-whats-new
Explore documentation: https://aka.ms/dotnet-docs
Report issues and find source on GitHub: https://github.com/dotnet/core
Use 'dotnet --help' to see available commands or visit: https://aka.ms/dotnet-cli
--------------------------------------------------------------------------------------
</system-out></testcase><testcase classname="FS.GG.Templates.TypedSddP4" name="rendering game published-package lifecycle matrix" time="62.536"><system-out>PASS lifecycle completion: rendering/none is explicitly not applicable and owns no lifecycle state
PASS lifecycle completion: rendering/sdd reached shipReady
PASS lifecycle completion: rendering/typed-sdd reached shipReady
PASS lifecycle completion: rendering/omitted reached shipReady
PASS lifecycle matrix: rendering none/sdd/typed-sdd/omitted clean-create, complete, restore, build, and test from installed package
</system-out></testcase><testcase classname="FS.GG.Templates.TypedSddP4" name="rendering app published-package lifecycle matrix" time="57.468"><system-out>PASS lifecycle completion: rendering/none is explicitly not applicable and owns no lifecycle state
PASS lifecycle completion: rendering/sdd reached shipReady
PASS lifecycle completion: rendering/typed-sdd reached shipReady
PASS lifecycle completion: rendering/omitted reached shipReady
PASS lifecycle matrix: rendering none/sdd/typed-sdd/omitted clean-create, complete, restore, build, and test from installed package
</system-out></testcase></testsuite>